

Started GET "/" for 127.0.0.1 at 2014-09-07 18:34:25 +0900
Processing by Rails::WelcomeController#index as HTML
  Rendered /Library/Ruby/Gems/2.0.0/gems/railties-4.1.4/lib/rails/templates/rails/welcome/index.html.erb (1.2ms)
Completed 200 OK in 28ms (Views: 5.0ms | ActiveRecord: 0.0ms)


Started GET "/" for 127.0.0.1 at 2014-10-13 10:01:39 +0900
Processing by Rails::WelcomeController#index as HTML
  Rendered /Library/Ruby/Gems/2.0.0/gems/railties-4.1.4/lib/rails/templates/rails/welcome/index.html.erb (2.0ms)
Completed 200 OK in 30ms (Views: 9.1ms | ActiveRecord: 0.0ms)


Started GET "/rails/info/properties" for 127.0.0.1 at 2014-10-13 10:03:27 +0900
Processing by Rails::InfoController#properties as */*
  Rendered /Library/Ruby/Gems/2.0.0/gems/railties-4.1.4/lib/rails/templates/rails/info/properties.html.erb (0.6ms)
Completed 200 OK in 36ms (Views: 9.2ms | ActiveRecord: 1.3ms)


Started GET "/" for 127.0.0.1 at 2014-10-13 10:04:30 +0900
Processing by Rails::WelcomeController#index as HTML
  Rendered /Library/Ruby/Gems/2.0.0/gems/railties-4.1.4/lib/rails/templates/rails/welcome/index.html.erb (0.1ms)
Completed 200 OK in 26ms (Views: 25.4ms | ActiveRecord: 0.0ms)


Started GET "/" for 127.0.0.1 at 2014-10-13 10:04:33 +0900
Processing by Rails::WelcomeController#index as HTML
  Rendered /Library/Ruby/Gems/2.0.0/gems/railties-4.1.4/lib/rails/templates/rails/welcome/index.html.erb (0.0ms)
Completed 200 OK in 1ms (Views: 0.9ms | ActiveRecord: 0.0ms)


Started GET "/users/show" for 127.0.0.1 at 2014-10-13 10:04:55 +0900

ActionController::RoutingError (No route matches [GET] "/users/show"):
  actionpack (4.1.4) lib/action_dispatch/middleware/debug_exceptions.rb:21:in `call'
  actionpack (4.1.4) lib/action_dispatch/middleware/show_exceptions.rb:30:in `call'
  railties (4.1.4) lib/rails/rack/logger.rb:38:in `call_app'
  railties (4.1.4) lib/rails/rack/logger.rb:20:in `block in call'
  activesupport (4.1.4) lib/active_support/tagged_logging.rb:68:in `block in tagged'
  activesupport (4.1.4) lib/active_support/tagged_logging.rb:26:in `tagged'
  activesupport (4.1.4) lib/active_support/tagged_logging.rb:68:in `tagged'
  railties (4.1.4) lib/rails/rack/logger.rb:20:in `call'
  actionpack (4.1.4) lib/action_dispatch/middleware/request_id.rb:21:in `call'
  rack (1.5.2) lib/rack/methodoverride.rb:21:in `call'
  rack (1.5.2) lib/rack/runtime.rb:17:in `call'
  activesupport (4.1.4) lib/active_support/cache/strategy/local_cache_middleware.rb:26:in `call'
  rack (1.5.2) lib/rack/lock.rb:17:in `call'
  actionpack (4.1.4) lib/action_dispatch/middleware/static.rb:64:in `call'
  rack (1.5.2) lib/rack/sendfile.rb:112:in `call'
  railties (4.1.4) lib/rails/engine.rb:514:in `call'
  railties (4.1.4) lib/rails/application.rb:144:in `call'
  rack (1.5.2) lib/rack/lock.rb:17:in `call'
  rack (1.5.2) lib/rack/content_length.rb:14:in `call'
  rack (1.5.2) lib/rack/handler/webrick.rb:60:in `service'
  /System/Library/Frameworks/Ruby.framework/Versions/2.0/usr/lib/ruby/2.0.0/webrick/httpserver.rb:138:in `service'
  /System/Library/Frameworks/Ruby.framework/Versions/2.0/usr/lib/ruby/2.0.0/webrick/httpserver.rb:94:in `run'
  /System/Library/Frameworks/Ruby.framework/Versions/2.0/usr/lib/ruby/2.0.0/webrick/server.rb:295:in `block in start_thread'


  Rendered /Library/Ruby/Gems/2.0.0/gems/actionpack-4.1.4/lib/action_dispatch/middleware/templates/rescues/_trace.html.erb (1.2ms)
  Rendered /Library/Ruby/Gems/2.0.0/gems/actionpack-4.1.4/lib/action_dispatch/middleware/templates/routes/_table.html.erb (8.7ms)
  Rendered /Library/Ruby/Gems/2.0.0/gems/actionpack-4.1.4/lib/action_dispatch/middleware/templates/rescues/routing_error.html.erb within rescues/layout (24.2ms)


Started GET "/users/show" for 127.0.0.1 at 2014-10-13 10:05:59 +0900
Processing by UsersController#show as HTML
  Rendered users/show.html.erb within layouts/application (0.3ms)
Completed 200 OK in 843ms (Views: 842.3ms | ActiveRecord: 0.0ms)


Started GET "/assets/users.css?body=1" for 127.0.0.1 at 2014-10-13 10:06:00 +0900


Started GET "/assets/jquery_ujs.js?body=1" for 127.0.0.1 at 2014-10-13 10:06:00 +0900


Started GET "/assets/application.css?body=1" for 127.0.0.1 at 2014-10-13 10:06:00 +0900


Started GET "/assets/jquery.js?body=1" for 127.0.0.1 at 2014-10-13 10:06:00 +0900


Started GET "/assets/application.js?body=1" for 127.0.0.1 at 2014-10-13 10:06:00 +0900


Started GET "/assets/turbolinks.js?body=1" for 127.0.0.1 at 2014-10-13 10:06:00 +0900


Started GET "/assets/users.js?body=1" for 127.0.0.1 at 2014-10-13 10:06:00 +0900


Started GET "/users/show" for 127.0.0.1 at 2014-10-13 10:07:42 +0900
Processing by UsersController#show as HTML
  Rendered users/show.html.erb within layouts/application (5.0ms)
Completed 500 Internal Server Error in 8ms

ActionView::Template::Error (undefined method `[]' for nil:NilClass):
    1: <h1>Users#show</h1>
    2: <h1><%= @user[:name] %></h1>
    3: <p><%= @user[:username] %></p>
    4: <ul>
    5:   <li>Location : <%= @user[:location] %></li>
  app/views/users/show.html.erb:2:in `_app_views_users_show_html_erb__1887926823351279110_70104998245480'


  Rendered /Library/Ruby/Gems/2.0.0/gems/actionpack-4.1.4/lib/action_dispatch/middleware/templates/rescues/_trace.html.erb (1.1ms)
  Rendered /Library/Ruby/Gems/2.0.0/gems/actionpack-4.1.4/lib/action_dispatch/middleware/templates/rescues/_request_and_response.html.erb (1.1ms)
  Rendered /Library/Ruby/Gems/2.0.0/gems/actionpack-4.1.4/lib/action_dispatch/middleware/templates/rescues/template_error.html.erb within rescues/layout (12.4ms)


Started GET "/users/show" for 127.0.0.1 at 2014-10-13 10:07:55 +0900
Processing by UsersController#show as HTML
  Rendered users/show.html.erb within layouts/application (0.9ms)
Completed 500 Internal Server Error in 3ms

ActionView::Template::Error (undefined method `[]' for nil:NilClass):
    1: <h1><%= @user[:name] %></h1>
    2: <p><%= @user[:username] %></p>
    3: <ul>
    4:   <li>Location : <%= @user[:location] %></li>
  app/views/users/show.html.erb:1:in `_app_views_users_show_html_erb__1887926823351279110_70104971369760'


  Rendered /Library/Ruby/Gems/2.0.0/gems/actionpack-4.1.4/lib/action_dispatch/middleware/templates/rescues/_trace.html.erb (1.0ms)
  Rendered /Library/Ruby/Gems/2.0.0/gems/actionpack-4.1.4/lib/action_dispatch/middleware/templates/rescues/_request_and_response.html.erb (0.8ms)
  Rendered /Library/Ruby/Gems/2.0.0/gems/actionpack-4.1.4/lib/action_dispatch/middleware/templates/rescues/template_error.html.erb within rescues/layout (9.3ms)


Started GET "/users/show" for 127.0.0.1 at 2014-10-13 10:09:36 +0900
Processing by UsersController#show as HTML
  Rendered users/show.html.erb within layouts/application (0.1ms)
Completed 200 OK in 33ms (Views: 32.2ms | ActiveRecord: 0.0ms)


Started GET "/assets/users.css?body=1" for 127.0.0.1 at 2014-10-13 10:09:36 +0900


Started GET "/assets/application.css?body=1" for 127.0.0.1 at 2014-10-13 10:09:36 +0900


Started GET "/assets/jquery.js?body=1" for 127.0.0.1 at 2014-10-13 10:09:36 +0900


Started GET "/assets/jquery_ujs.js?body=1" for 127.0.0.1 at 2014-10-13 10:09:36 +0900


Started GET "/assets/turbolinks.js?body=1" for 127.0.0.1 at 2014-10-13 10:09:36 +0900


Started GET "/assets/users.js?body=1" for 127.0.0.1 at 2014-10-13 10:09:36 +0900


Started GET "/assets/application.js?body=1" for 127.0.0.1 at 2014-10-13 10:09:36 +0900


Started GET "/" for 127.0.0.1 at 2014-10-20 09:00:40 +0900
Processing by Rails::WelcomeController#index as HTML
  Rendered /Library/Ruby/Gems/2.0.0/gems/railties-4.1.4/lib/rails/templates/rails/welcome/index.html.erb (2.3ms)
Completed 200 OK in 18ms (Views: 10.8ms | ActiveRecord: 0.0ms)


Started GET "/users/index" for 127.0.0.1 at 2014-10-20 09:01:01 +0900
Processing by UsersController#index as HTML
  Rendered users/index.html.erb within layouts/application (2.2ms)
Completed 200 OK in 48ms (Views: 46.6ms | ActiveRecord: 0.0ms)


Started GET "/assets/users.css?body=1" for 127.0.0.1 at 2014-10-20 09:01:01 +0900


Started GET "/assets/application.css?body=1" for 127.0.0.1 at 2014-10-20 09:01:01 +0900


Started GET "/assets/jquery.js?body=1" for 127.0.0.1 at 2014-10-20 09:01:01 +0900


Started GET "/assets/turbolinks.js?body=1" for 127.0.0.1 at 2014-10-20 09:01:01 +0900


Started GET "/assets/jquery_ujs.js?body=1" for 127.0.0.1 at 2014-10-20 09:01:01 +0900


Started GET "/assets/application.js?body=1" for 127.0.0.1 at 2014-10-20 09:01:01 +0900


Started GET "/assets/users.js?body=1" for 127.0.0.1 at 2014-10-20 09:01:01 +0900
